path mismatch [2 links]: ino 14 db '/run/shm/sem.mp6747-0' req '/run/shm/sem.mp4x2L'.
path mismatch [2 links]: ino 14 db '/run/shm/sem.mp6796-0' req '/run/shm/sem.FBIgfT'.
path mismatch [2 links]: ino 13 db '/run/shm/sem.mp6796-1' req '/run/shm/sem.s8b1Zv'.
path mismatch [2 links]: ino 15 db '/run/shm/sem.mp6796-2' req '/run/shm/sem.A970K8'.
path mismatch [2 links]: ino 16 db '/run/shm/sem.mp6796-3' req '/run/shm/sem.BrjewL'.
path mismatch [2 links]: ino 17 db '/run/shm/sem.mp6796-4' req '/run/shm/sem.gW5Dho'.
path mismatch [2 links]: ino 13 db '/run/shm/sem.mp6931-0' req '/run/shm/sem.9Ww1s7'.
path mismatch [2 links]: ino 14 db '/run/shm/sem.mp6932-0' req '/run/shm/sem.avmz86'.
path mismatch [2 links]: ino 7359861 db '/home/eku/fsl-community-bsp/build/tmp/work/imx6qsabresd-poky-linux-gnueabi/u-boot-fslc/v2016.07+gitAUTOINC+e6b42411ab-r0/pkgdata/u-boot-fslc' req '/home/eku/fsl-community-bsp/build/tmp/sysroots/imx6qsabresd/pkgdata/u-boot-fslc'.
path mismatch [2 links]: ino 7359862 db '/home/eku/fsl-community-bsp/build/tmp/work/imx6qsabresd-poky-linux-gnueabi/u-boot-fslc/v2016.07+gitAUTOINC+e6b42411ab-r0/pkgdata/runtime/u-boot-fslc-dbg' req '/home/eku/fsl-community-bsp/build/tmp/sysroots/imx6qsabresd/pkgdata/runtime/u-boot-fslc-dbg'.
path mismatch [2 links]: ino 7359865 db '/home/eku/fsl-community-bsp/build/tmp/work/imx6qsabresd-poky-linux-gnueabi/u-boot-fslc/v2016.07+gitAUTOINC+e6b42411ab-r0/pkgdata/runtime/u-boot-fslc-staticdev' req '/home/eku/fsl-community-bsp/build/tmp/sysroots/imx6qsabresd/pkgdata/runtime/u-boot-fslc-staticdev'.
path mismatch [2 links]: ino 7359861 db '/home/eku/fsl-community-bsp/build/tmp/work/imx6qsabresd-poky-linux-gnueabi/u-boot-fslc/v2016.07+gitAUTOINC+e6b42411ab-r0/pkgdata/u-boot-fslc' req '/home/eku/fsl-community-bsp/build/tmp/sysroots/imx6qsabresd/pkgdata/u-boot-fslc'.
path mismatch [2 links]: ino 7359866 db '/home/eku/fsl-community-bsp/build/tmp/work/imx6qsabresd-poky-linux-gnueabi/u-boot-fslc/v2016.07+gitAUTOINC+e6b42411ab-r0/pkgdata/runtime/u-boot-fslc-dev' req '/home/eku/fsl-community-bsp/build/tmp/sysroots/imx6qsabresd/pkgdata/runtime/u-boot-fslc-dev'.
path mismatch [2 links]: ino 7359869 db '/home/eku/fsl-community-bsp/build/tmp/work/imx6qsabresd-poky-linux-gnueabi/u-boot-fslc/v2016.07+gitAUTOINC+e6b42411ab-r0/pkgdata/runtime/u-boot-fslc-doc' req '/home/eku/fsl-community-bsp/build/tmp/sysroots/imx6qsabresd/pkgdata/runtime/u-boot-fslc-doc'.
path mismatch [2 links]: ino 7359870 db '/home/eku/fsl-community-bsp/build/tmp/work/imx6qsabresd-poky-linux-gnueabi/u-boot-fslc/v2016.07+gitAUTOINC+e6b42411ab-r0/pkgdata/runtime/u-boot-fslc-locale' req '/home/eku/fsl-community-bsp/build/tmp/sysroots/imx6qsabresd/pkgdata/runtime/u-boot-fslc-locale'.
path mismatch [2 links]: ino 7359862 db '/home/eku/fsl-community-bsp/build/tmp/work/imx6qsabresd-poky-linux-gnueabi/u-boot-fslc/v2016.07+gitAUTOINC+e6b42411ab-r0/pkgdata/runtime/u-boot-fslc-dbg' req '/home/eku/fsl-community-bsp/build/tmp/sysroots/imx6qsabresd/pkgdata/runtime/u-boot-fslc-dbg'.
path mismatch [2 links]: ino 7359865 db '/home/eku/fsl-community-bsp/build/tmp/work/imx6qsabresd-poky-linux-gnueabi/u-boot-fslc/v2016.07+gitAUTOINC+e6b42411ab-r0/pkgdata/runtime/u-boot-fslc-staticdev' req '/home/eku/fsl-community-bsp/build/tmp/sysroots/imx6qsabresd/pkgdata/runtime/u-boot-fslc-staticdev'.
path mismatch [2 links]: ino 7359871 db '/home/eku/fsl-community-bsp/build/tmp/work/imx6qsabresd-poky-linux-gnueabi/u-boot-fslc/v2016.07+gitAUTOINC+e6b42411ab-r0/pkgdata/runtime/u-boot-fslc' req '/home/eku/fsl-community-bsp/build/tmp/sysroots/imx6qsabresd/pkgdata/runtime/u-boot-fslc'.
path mismatch [2 links]: ino 7359866 db '/home/eku/fsl-community-bsp/build/tmp/work/imx6qsabresd-poky-linux-gnueabi/u-boot-fslc/v2016.07+gitAUTOINC+e6b42411ab-r0/pkgdata/runtime/u-boot-fslc-dev' req '/home/eku/fsl-community-bsp/build/tmp/sysroots/imx6qsabresd/pkgdata/runtime/u-boot-fslc-dev'.
path mismatch [2 links]: ino 7359869 db '/home/eku/fsl-community-bsp/build/tmp/work/imx6qsabresd-poky-linux-gnueabi/u-boot-fslc/v2016.07+gitAUTOINC+e6b42411ab-r0/pkgdata/runtime/u-boot-fslc-doc' req '/home/eku/fsl-community-bsp/build/tmp/sysroots/imx6qsabresd/pkgdata/runtime/u-boot-fslc-doc'.
path mismatch [2 links]: ino 7359870 db '/home/eku/fsl-community-bsp/build/tmp/work/imx6qsabresd-poky-linux-gnueabi/u-boot-fslc/v2016.07+gitAUTOINC+e6b42411ab-r0/pkgdata/runtime/u-boot-fslc-locale' req '/home/eku/fsl-community-bsp/build/tmp/sysroots/imx6qsabresd/pkgdata/runtime/u-boot-fslc-locale'.
path mismatch [2 links]: ino 7359871 db '/home/eku/fsl-community-bsp/build/tmp/work/imx6qsabresd-poky-linux-gnueabi/u-boot-fslc/v2016.07+gitAUTOINC+e6b42411ab-r0/pkgdata/runtime/u-boot-fslc' req '/home/eku/fsl-community-bsp/build/tmp/sysroots/imx6qsabresd/pkgdata/runtime/u-boot-fslc'.
path mismatch [2 links]: ino 7359870 db '/home/eku/fsl-community-bsp/build/tmp/work/imx6qsabresd-poky-linux-gnueabi/u-boot-fslc/v2016.07+gitAUTOINC+e6b42411ab-r0/pkgdata/runtime/u-boot-fslc-locale' req '/home/eku/fsl-community-bsp/build/tmp/sysroots/imx6qsabresd/pkgdata/runtime/u-boot-fslc-locale'.
path mismatch [2 links]: ino 7359866 db '/home/eku/fsl-community-bsp/build/tmp/work/imx6qsabresd-poky-linux-gnueabi/u-boot-fslc/v2016.07+gitAUTOINC+e6b42411ab-r0/pkgdata/runtime/u-boot-fslc-dev' req '/home/eku/fsl-community-bsp/build/tmp/sysroots/imx6qsabresd/pkgdata/runtime/u-boot-fslc-dev'.
path mismatch [2 links]: ino 7359866 db '/home/eku/fsl-community-bsp/build/tmp/work/imx6qsabresd-poky-linux-gnueabi/u-boot-fslc/v2016.07+gitAUTOINC+e6b42411ab-r0/pkgdata/runtime/u-boot-fslc-dev' req '/home/eku/fsl-community-bsp/build/tmp/sysroots/imx6qsabresd/pkgdata/runtime/u-boot-fslc-dev'.
path mismatch [2 links]: ino 7359865 db '/home/eku/fsl-community-bsp/build/tmp/work/imx6qsabresd-poky-linux-gnueabi/u-boot-fslc/v2016.07+gitAUTOINC+e6b42411ab-r0/pkgdata/runtime/u-boot-fslc-staticdev' req '/home/eku/fsl-community-bsp/build/tmp/sysroots/imx6qsabresd/pkgdata/runtime/u-boot-fslc-staticdev'.
path mismatch [2 links]: ino 7359871 db '/home/eku/fsl-community-bsp/build/tmp/work/imx6qsabresd-poky-linux-gnueabi/u-boot-fslc/v2016.07+gitAUTOINC+e6b42411ab-r0/pkgdata/runtime/u-boot-fslc' req '/home/eku/fsl-community-bsp/build/tmp/sysroots/imx6qsabresd/pkgdata/runtime/u-boot-fslc'.
path mismatch [2 links]: ino 7359871 db '/home/eku/fsl-community-bsp/build/tmp/work/imx6qsabresd-poky-linux-gnueabi/u-boot-fslc/v2016.07+gitAUTOINC+e6b42411ab-r0/pkgdata/runtime/u-boot-fslc' req '/home/eku/fsl-community-bsp/build/tmp/sysroots/imx6qsabresd/pkgdata/runtime/u-boot-fslc'.
path mismatch [2 links]: ino 7359871 db '/home/eku/fsl-community-bsp/build/tmp/work/imx6qsabresd-poky-linux-gnueabi/u-boot-fslc/v2016.07+gitAUTOINC+e6b42411ab-r0/pkgdata/runtime/u-boot-fslc' req '/home/eku/fsl-community-bsp/build/tmp/sysroots/imx6qsabresd/pkgdata/runtime/u-boot-fslc'.
path mismatch [2 links]: ino 7359869 db '/home/eku/fsl-community-bsp/build/tmp/work/imx6qsabresd-poky-linux-gnueabi/u-boot-fslc/v2016.07+gitAUTOINC+e6b42411ab-r0/pkgdata/runtime/u-boot-fslc-doc' req '/home/eku/fsl-community-bsp/build/tmp/sysroots/imx6qsabresd/pkgdata/runtime/u-boot-fslc-doc'.
path mismatch [2 links]: ino 7359866 db '/home/eku/fsl-community-bsp/build/tmp/work/imx6qsabresd-poky-linux-gnueabi/u-boot-fslc/v2016.07+gitAUTOINC+e6b42411ab-r0/pkgdata/runtime/u-boot-fslc-dev' req '/home/eku/fsl-community-bsp/build/tmp/sysroots/imx6qsabresd/pkgdata/runtime/u-boot-fslc-dev'.
